# JRE version: OpenJDK Runtime Environment (8.0_212-b04) (build 1.8.0_212-release-1586-b04)
# Java VM: OpenJDK 64-Bit Server VM (25.212-b04 mixed mode windows-amd64 compressed oops)
Heap:
 PSYoungGen      total 495104K, used 328564K [0x00000000e0000000, 0x0000000100000000, 0x0000000100000000)
  eden space 464896K, 67% used [0x00000000e0000000,0x00000000f341e920,0x00000000fc600000)
  from space 30208K, 43% used [0x00000000fe280000,0x00000000fef3e7b0,0x0000000100000000)
  to   space 29184K, 0% used [0x00000000fc600000,0x00000000fc600000,0x00000000fe280000)
 ParOldGen       total 142336K, used 52455K [0x00000000a0000000, 0x00000000a8b00000, 0x00000000e0000000)
  object space 142336K, 36% used [0x00000000a0000000,0x00000000a3339fe8,0x00000000a8b00000)
 Metaspace       used 100129K, capacity 105158K, committed 107520K, reserved 1142784K
  class space    used 12973K, capacity 13985K, committed 14592K, reserved 1048576K
GC Heap History (10 events):
Event: 799.754 GC heap before
{Heap before GC invocations=22 (full 4):
 PSYoungGen      total 403968K, used 378880K [0x00000000e0000000, 0x00000000fdd80000, 0x0000000100000000)
  eden space 378880K, 100% used [0x00000000e0000000,0x00000000f7200000,0x00000000f7200000)
  from space 25088K, 0% used [0x00000000f7200000,0x00000000f7200000,0x00000000f8a80000)
  to   space 24576K, 0% used [0x00000000fc580000,0x00000000fc580000,0x00000000fdd80000)
 ParOldGen       total 142336K, used 52303K [0x00000000a0000000, 0x00000000a8b00000, 0x00000000e0000000)
  object space 142336K, 36% used [0x00000000a0000000,0x00000000a3313d18,0x00000000a8b00000)
 Metaspace       used 95484K, capacity 99604K, committed 103552K, reserved 1138688K
  class space    used 12461K, capacity 13316K, committed 14208K, reserved 1048576K
Event: 799.798 GC heap after
Heap after GC invocations=22 (full 4):
 PSYoungGen      total 461824K, used 20941K [0x00000000e0000000, 0x00000000fe580000, 0x0000000100000000)
  eden space 437248K, 0% used [0x00000000e0000000,0x00000000e0000000,0x00000000fab00000)
  from space 24576K, 85% used [0x00000000fc580000,0x00000000fd9f3748,0x00000000fdd80000)
  to   space 27136K, 0% used [0x00000000fab00000,0x00000000fab00000,0x00000000fc580000)
 ParOldGen       total 142336K, used 52311K [0x00000000a0000000, 0x00000000a8b00000, 0x00000000e0000000)
  object space 142336K, 36% used [0x00000000a0000000,0x00000000a3315d18,0x00000000a8b00000)
 Metaspace       used 95484K, capacity 99604K, committed 103552K, reserved 1138688K
  class space    used 12461K, capacity 13316K, committed 14208K, reserved 1048576K
}
Event: 801.559 GC heap before
{Heap before GC invocations=23 (full 4):
 PSYoungGen      total 461824K, used 458189K [0x00000000e0000000, 0x00000000fe580000, 0x0000000100000000)
  eden space 437248K, 100% used [0x00000000e0000000,0x00000000fab00000,0x00000000fab00000)
  from space 24576K, 85% used [0x00000000fc580000,0x00000000fd9f3748,0x00000000fdd80000)
  to   space 27136K, 0% used [0x00000000fab00000,0x00000000fab00000,0x00000000fc580000)
 ParOldGen       total 142336K, used 52430K [0x00000000a0000000, 0x00000000a8b00000, 0x00000000e0000000)
  object space 142336K, 36% used [0x00000000a0000000,0x00000000a3333800,0x00000000a8b00000)
 Metaspace       used 96054K, capacity 100342K, committed 104064K, reserved 1138688K
  class space    used 12525K, capacity 13407K, committed 14208K, reserved 1048576K
Event: 801.587 GC heap after
Heap after GC invocations=23 (full 4):
 PSYoungGen      total 464384K, used 18036K [0x00000000e0000000, 0x0000000100000000, 0x0000000100000000)
  eden space 437248K, 0% used [0x00000000e0000000,0x00000000e0000000,0x00000000fab00000)
  from space 27136K, 66% used [0x00000000fab00000,0x00000000fbc9d0f8,0x00000000fc580000)
  to   space 27648K, 0% used [0x00000000fe500000,0x00000000fe500000,0x0000000100000000)
 ParOldGen       total 142336K, used 52438K [0x00000000a0000000, 0x00000000a8b00000, 0x00000000e0000000)
  object space 142336K, 36% used [0x00000000a0000000,0x00000000a3335800,0x00000000a8b00000)
 Metaspace       used 96054K, capacity 100342K, committed 104064K, reserved 1138688K
  class space    used 12525K, capacity 13407K, committed 14208K, reserved 1048576K
}
Event: 802.829 GC heap before
{Heap before GC invocations=24 (full 4):
 PSYoungGen      total 464384K, used 455284K [0x00000000e0000000, 0x0000000100000000, 0x0000000100000000)
  eden space 437248K, 100% used [0x00000000e0000000,0x00000000fab00000,0x00000000fab00000)
  from space 27136K, 66% used [0x00000000fab00000,0x00000000fbc9d0f8,0x00000000fc580000)
  to   space 27648K, 0% used [0x00000000fe500000,0x00000000fe500000,0x0000000100000000)
 ParOldGen       total 142336K, used 52439K [0x00000000a0000000, 0x00000000a8b00000, 0x00000000e0000000)
  object space 142336K, 36% used [0x00000000a0000000,0x00000000a3335fe8,0x00000000a8b00000)
 Metaspace       used 96811K, capacity 101246K, committed 104960K, reserved 1140736K
  class space    used 12616K, capacity 13527K, committed 14336K, reserved 1048576K
Event: 802.859 GC heap after
Heap after GC invocations=24 (full 4):
 PSYoungGen      total 492544K, used 21196K [0x00000000e0000000, 0x0000000100000000, 0x0000000100000000)
  eden space 464896K, 0% used [0x00000000e0000000,0x00000000e0000000,0x00000000fc600000)
  from space 27648K, 76% used [0x00000000fe500000,0x00000000ff9b3250,0x0000000100000000)
  to   space 29696K, 0% used [0x00000000fc600000,0x00000000fc600000,0x00000000fe300000)
 ParOldGen       total 142336K, used 52447K [0x00000000a0000000, 0x00000000a8b00000, 0x00000000e0000000)
  object space 142336K, 36% used [0x00000000a0000000,0x00000000a3337fe8,0x00000000a8b00000)
 Metaspace       used 96811K, capacity 101246K, committed 104960K, reserved 1140736K
  class space    used 12616K, capacity 13527K, committed 14336K, reserved 1048576K
}
Event: 804.152 GC heap before
{Heap before GC invocations=25 (full 4):
 PSYoungGen      total 492544K, used 486092K [0x00000000e0000000, 0x0000000100000000, 0x0000000100000000)
  eden space 464896K, 100% used [0x00000000e0000000,0x00000000fc600000,0x00000000fc600000)
  from space 27648K, 76% used [0x00000000fe500000,0x00000000ff9b3250,0x0000000100000000)
  to   space 29696K, 0% used [0x00000000fc600000,0x00000000fc600000,0x00000000fe300000)
 ParOldGen       total 142336K, used 52447K [0x00000000a0000000, 0x00000000a8b00000, 0x00000000e0000000)
  object space 142336K, 36% used [0x00000000a0000000,0x00000000a3337fe8,0x00000000a8b00000)
 Metaspace       used 96872K, capacity 101322K, committed 104960K, reserved 1140736K
  class space    used 12617K, capacity 13527K, committed 14336K, reserved 1048576K
Event: 804.168 GC heap after
Heap after GC invocations=25 (full 4):
 PSYoungGen      total 485376K, used 19987K [0x00000000e0000000, 0x0000000100000000, 0x0000000100000000)
  eden space 464896K, 0% used [0x00000000e0000000,0x00000000e0000000,0x00000000fc600000)
  from space 20480K, 97% used [0x00000000fc600000,0x00000000fd984e20,0x00000000fda00000)
  to   space 30208K, 0% used [0x00000000fe280000,0x00000000fe280000,0x0000000100000000)
 ParOldGen       total 142336K, used 52447K [0x00000000a0000000, 0x00000000a8b00000, 0x00000000e0000000)
  object space 142336K, 36% used [0x00000000a0000000,0x00000000a3337fe8,0x00000000a8b00000)
 Metaspace       used 96872K, capacity 101322K, committed 104960K, reserved 1140736K
  class space    used 12617K, capacity 13527K, committed 14336K, reserved 1048576K
}
Event: 1145.401 GC heap before
{Heap before GC invocations=26 (full 4):
 PSYoungGen      total 485376K, used 484883K [0x00000000e0000000, 0x0000000100000000, 0x0000000100000000)
  eden space 464896K, 100% used [0x00000000e0000000,0x00000000fc600000,0x00000000fc600000)
  from space 20480K, 97% used [0x00000000fc600000,0x00000000fd984e20,0x00000000fda00000)
  to   space 30208K, 0% used [0x00000000fe280000,0x00000000fe280000,0x0000000100000000)
 ParOldGen       total 142336K, used 52447K [0x00000000a0000000, 0x00000000a8b00000, 0x00000000e0000000)
  object space 142336K, 36% used [0x00000000a0000000,0x00000000a3337fe8,0x00000000a8b00000)
 Metaspace       used 99056K, capacity 103646K, committed 106624K, reserved 1140736K
  class space    used 12872K, capacity 13785K, committed 14464K, reserved 1048576K
Event: 1145.476 GC heap after
Heap after GC invocations=26 (full 4):
 PSYoungGen      total 495104K, used 13049K [0x00000000e0000000, 0x0000000100000000, 0x0000000100000000)
  eden space 464896K, 0% used [0x00000000e0000000,0x00000000e0000000,0x00000000fc600000)
  from space 30208K, 43% used [0x00000000fe280000,0x00000000fef3e7b0,0x0000000100000000)
  to   space 29184K, 0% used [0x00000000fc600000,0x00000000fc600000,0x00000000fe280000)
 ParOldGen       total 142336K, used 52455K [0x00000000a0000000, 0x00000000a8b00000, 0x00000000e0000000)
  object space 142336K, 36% used [0x00000000a0000000,0x00000000a3339fe8,0x00000000a8b00000)
 Metaspace       used 99056K, capacity 103646K, committed 106624K, reserved 1140736K
  class space    used 12872K, capacity 13785K, committed 14464K, reserved 1048576K
}

